<?xml version="1.0" encoding="UTF-8"?>
<!-- Generated by org.testng.reporters.JUnitReportReporter -->
<testsuite hostname="LAPTOP-GCEPLDKO" failures="0" tests="1" name="TestRunnerDeOneoOne.TestRunnerDOne" time="25.172" errors="0" timestamp="2021-09-18T01:16:24 PDT" skipped="0">
  <testcase classname="TestRunnerDeOneoOne.TestRunnerDOne" name="feature" time="25.172"/>
  <system-out/>
</testsuite> <!-- TestRunnerDeOneoOne.TestRunnerDOne -->
