<?xml version="1.0" encoding="UTF-8"?>
<!-- Generated by org.testng.reporters.JUnitReportReporter -->
<testsuite hostname="LAPTOP-GCEPLDKO" failures="0" tests="1" name="TestRunnerDeOneoOne.TestRunnerDOne" time="15.970" errors="0" timestamp="2021-06-29T11:03:31 PDT" skipped="0">
  <testcase classname="TestRunnerDeOneoOne.TestRunnerDOne" name="feature" time="15.970"/>
  <system-out/>
</testsuite> <!-- TestRunnerDeOneoOne.TestRunnerDOne -->
